<?xml version="1.0" encoding="UTF-8"?>
<!-- Generated by org.testng.reporters.JUnitXMLReporter -->
<testsuite hostname="ezs013" name="Test" tests="5" failures="0" timestamp="15 Sep 2017 11:09:24 GMT" time="19.547" errors="0">
  <testcase name="getWebdriver" time="6.256" classname="com.eResidue.Equipment.Equipment_Name"/>
  <testcase name="getWebdriver1" time="9.349" classname="com.eResidue.Equipment.Equipment_Name"/>
  <testcase name="sign" time="1.976" classname="com.eResidue.Equipment.Equipment_SF_Area"/>
  <testcase name="close" time="1.894" classname="com.eResidue.Equipment.Equipment_SF_Area"/>
  <testcase name="CreateFileWithTimeStamp" time="0.027" classname="com.eResidue.result.CreateFolderewithTimeStamp"/>
</testsuite> <!-- Test -->
