<?xml version="1.0" encoding="UTF-8"?>
<testng-results skipped="0" failed="0" total="5" passed="5">
  <reporter-output>
  </reporter-output>
  <suite name="Suite" duration-ms="19547" started-at="2017-09-15T11:09:04Z" finished-at="2017-09-15T11:09:24Z">
    <groups>
    </groups>
    <test name="Test" duration-ms="19547" started-at="2017-09-15T11:09:04Z" finished-at="2017-09-15T11:09:24Z">
      <class name="com.eResidue.Equipment.Equipment_SF_Area">
        <test-method status="PASS" signature="sign()[pri:3, instance:com.eResidue.Equipment.Equipment_SF_Area@26e356f0]" name="sign" duration-ms="1976" started-at="2017-09-15T16:39:20Z" finished-at="2017-09-15T16:39:22Z">
          <reporter-output>
          </reporter-output>
        </test-method> <!-- sign -->
        <test-method status="PASS" signature="close()[pri:4, instance:com.eResidue.Equipment.Equipment_SF_Area@26e356f0]" name="close" duration-ms="1894" started-at="2017-09-15T16:39:22Z" finished-at="2017-09-15T16:39:24Z">
          <reporter-output>
          </reporter-output>
        </test-method> <!-- close -->
      </class> <!-- com.eResidue.Equipment.Equipment_SF_Area -->
      <class name="com.eResidue.result.CreateFolderewithTimeStamp">
        <test-method status="PASS" signature="CreateFileWithTimeStamp(java.lang.String)[pri:0, instance:com.eResidue.result.CreateFolderewithTimeStamp@47d9a273]" name="CreateFileWithTimeStamp" duration-ms="27" started-at="2017-09-15T16:39:24Z" finished-at="2017-09-15T16:39:24Z">
          <params>
            <param index="0">
              <value>
                <![CDATA[Test Suite Report]]>
              </value>
            </param>
          </params>
          <reporter-output>
          </reporter-output>
        </test-method> <!-- CreateFileWithTimeStamp -->
      </class> <!-- com.eResidue.result.CreateFolderewithTimeStamp -->
      <class name="com.eResidue.Equipment.Equipment_Name">
        <test-method status="PASS" signature="getWebdriver()[pri:1, instance:com.eResidue.Equipment.Equipment_Name@61001b64]" name="getWebdriver" duration-ms="6256" started-at="2017-09-15T16:39:04Z" finished-at="2017-09-15T16:39:11Z">
          <reporter-output>
          </reporter-output>
        </test-method> <!-- getWebdriver -->
        <test-method status="PASS" signature="getWebdriver1()[pri:2, instance:com.eResidue.Equipment.Equipment_Name@61001b64]" name="getWebdriver1" duration-ms="9349" started-at="2017-09-15T16:39:11Z" finished-at="2017-09-15T16:39:20Z">
          <reporter-output>
          </reporter-output>
        </test-method> <!-- getWebdriver1 -->
      </class> <!-- com.eResidue.Equipment.Equipment_Name -->
    </test> <!-- Test -->
  </suite> <!-- Suite -->
</testng-results>
