<?xml version="1.0" encoding="UTF-8"?>
<testng-results skipped="0" failed="0" total="2" passed="2">
  <reporter-output>
  </reporter-output>
  <suite name="Suite" duration-ms="5338" started-at="2017-09-18T13:16:00Z" finished-at="2017-09-18T13:16:06Z">
    <groups>
    </groups>
    <test name="Test" duration-ms="5338" started-at="2017-09-18T13:16:00Z" finished-at="2017-09-18T13:16:06Z">
      <class name="com.eResidue.email.SendMail">
        <test-method status="PASS" signature="execute(java.lang.String)[pri:0, instance:com.eResidue.email.SendMail@6500df86]" name="execute" duration-ms="3812" started-at="2017-09-18T18:46:02Z" finished-at="2017-09-18T18:46:06Z">
          <params>
            <param index="0">
              <value>
                <![CDATA[emailable-report.html]]>
              </value>
            </param>
          </params>
          <reporter-output>
          </reporter-output>
        </test-method> <!-- execute -->
      </class> <!-- com.eResidue.email.SendMail -->
      <class name="com.eResidue.result.CreateFolderewithTimeStamp">
        <test-method status="PASS" signature="CreateFileWithTimeStamp(java.lang.String)[pri:0, instance:com.eResidue.result.CreateFolderewithTimeStamp@271053e1]" name="CreateFileWithTimeStamp" duration-ms="1492" started-at="2017-09-18T18:46:00Z" finished-at="2017-09-18T18:46:02Z">
          <params>
            <param index="0">
              <value>
                <![CDATA[Test Suite Report ]]>
              </value>
            </param>
          </params>
          <reporter-output>
          </reporter-output>
        </test-method> <!-- CreateFileWithTimeStamp -->
      </class> <!-- com.eResidue.result.CreateFolderewithTimeStamp -->
    </test> <!-- Test -->
  </suite> <!-- Suite -->
</testng-results>
